<?xml version="1.0" encoding="UTF-8"?>
<!-- Generated by org.testng.reporters.JUnitXMLReporter -->
<testsuite hostname="SQA21049" name="Regression1" tests="1" failures="1" timestamp="11 Oct 2021 11:11:44 GMT" time="5.166" errors="0">
  <testcase name="LoginTest" time="4.241" classname="estimates.CandidateListPageTest">
    <failure type="java.lang.AssertionError" message="expected [Password] but found []">
      <![CDATA[java.lang.AssertionError: expected [Password] but found []
	at estimates.CandidateListPageTest.LoginTest(CandidateListPageTest.java:31)
	at org.apache.maven.surefire.testng.TestNGExecutor.run(TestNGExecutor.java:284)
	at org.apache.maven.surefire.testng.TestNGXmlTestSuite.execute(TestNGXmlTestSuite.java:75)
	at org.apache.maven.surefire.testng.TestNGProvider.invoke(TestNGProvider.java:119)
	at org.apache.maven.surefire.booter.ForkedBooter.runSuitesInProcess(ForkedBooter.java:428)
	at org.apache.maven.surefire.booter.ForkedBooter.execute(ForkedBooter.java:162)
	at org.apache.maven.surefire.booter.ForkedBooter.run(ForkedBooter.java:562)
	at org.apache.maven.surefire.booter.ForkedBooter.main(ForkedBooter.java:548)
... Removed 26 stack frames]]>
    </failure>
  </testcase> <!-- LoginTest -->
</testsuite> <!-- Regression1 -->
