<?xml version="1.0" encoding="UTF-8"?>
<testng-results skipped="0" failed="1" total="3" passed="2">
  <reporter-output>
  </reporter-output>
  <suite name="Suite" duration-ms="21705" started-at="2021-10-11T11:11:32Z" finished-at="2021-10-11T11:11:54Z">
    <groups>
    </groups>
    <test name="Regression" duration-ms="5965" started-at="2021-10-11T11:11:32Z" finished-at="2021-10-11T11:11:38Z">
      <class name="estimates.LoginPageTest">
        <test-method status="PASS" signature="LoginTest()[pri:0, instance:estimates.LoginPageTest@25f4878b]" name="LoginTest" duration-ms="5215" started-at="2021-10-11T12:11:32Z" finished-at="2021-10-11T12:11:37Z">
          <reporter-output>
          </reporter-output>
        </test-method> <!-- LoginTest -->
        <test-method status="PASS" signature="teardown()[pri:0, instance:estimates.LoginPageTest@25f4878b]" name="teardown" is-config="true" duration-ms="723" started-at="2021-10-11T12:11:37Z" finished-at="2021-10-11T12:11:38Z">
          <reporter-output>
          </reporter-output>
        </test-method> <!-- teardown -->
      </class> <!-- estimates.LoginPageTest -->
    </test> <!-- Regression -->
    <test name="Regression1" duration-ms="5166" started-at="2021-10-11T11:11:39Z" finished-at="2021-10-11T11:11:44Z">
      <class name="estimates.CandidateListPageTest">
        <test-method status="FAIL" signature="LoginTest()[pri:0, instance:estimates.CandidateListPageTest@2d778add]" name="LoginTest" duration-ms="4241" started-at="2021-10-11T12:11:39Z" finished-at="2021-10-11T12:11:43Z">
          <exception class="java.lang.AssertionError">
            <message>
              <![CDATA[expected [Password] but found []]]>
            </message>
            <full-stacktrace>
              <![CDATA[java.lang.AssertionError: expected [Password] but found []
	at org.testng.Assert.fail(Assert.java:94)
	at org.testng.Assert.failNotEquals(Assert.java:494)
	at org.testng.Assert.assertEquals(Assert.java:123)
	at org.testng.Assert.assertEquals(Assert.java:176)
	at org.testng.Assert.assertEquals(Assert.java:186)
	at estimates.CandidateListPageTest.LoginTest(CandidateListPageTest.java:31)
	at sun.reflect.NativeMethodAccessorImpl.invoke0(Native Method)
	at sun.reflect.NativeMethodAccessorImpl.invoke(Unknown Source)
	at sun.reflect.DelegatingMethodAccessorImpl.invoke(Unknown Source)
	at java.lang.reflect.Method.invoke(Unknown Source)
	at org.testng.internal.MethodInvocationHelper.invokeMethod(MethodInvocationHelper.java:80)
	at org.testng.internal.Invoker.invokeMethod(Invoker.java:714)
	at org.testng.internal.Invoker.invokeTestMethod(Invoker.java:901)
	at org.testng.internal.Invoker.invokeTestMethods(Invoker.java:1231)
	at org.testng.internal.TestMethodWorker.invokeTestMethods(TestMethodWorker.java:127)
	at org.testng.internal.TestMethodWorker.run(TestMethodWorker.java:111)
	at org.testng.TestRunner.privateRun(TestRunner.java:767)
	at org.testng.TestRunner.run(TestRunner.java:617)
	at org.testng.SuiteRunner.runTest(SuiteRunner.java:334)
	at org.testng.SuiteRunner.runSequentially(SuiteRunner.java:329)
	at org.testng.SuiteRunner.privateRun(SuiteRunner.java:291)
	at org.testng.SuiteRunner.run(SuiteRunner.java:240)
	at org.testng.SuiteRunnerWorker.runSuite(SuiteRunnerWorker.java:52)
	at org.testng.SuiteRunnerWorker.run(SuiteRunnerWorker.java:86)
	at org.testng.TestNG.runSuitesSequentially(TestNG.java:1198)
	at org.testng.TestNG.runSuitesLocally(TestNG.java:1123)
	at org.testng.TestNG.run(TestNG.java:1031)
	at org.apache.maven.surefire.testng.TestNGExecutor.run(TestNGExecutor.java:284)
	at org.apache.maven.surefire.testng.TestNGXmlTestSuite.execute(TestNGXmlTestSuite.java:75)
	at org.apache.maven.surefire.testng.TestNGProvider.invoke(TestNGProvider.java:119)
	at org.apache.maven.surefire.booter.ForkedBooter.runSuitesInProcess(ForkedBooter.java:428)
	at org.apache.maven.surefire.booter.ForkedBooter.execute(ForkedBooter.java:162)
	at org.apache.maven.surefire.booter.ForkedBooter.run(ForkedBooter.java:562)
	at org.apache.maven.surefire.booter.ForkedBooter.main(ForkedBooter.java:548)
]]>
            </full-stacktrace>
          </exception> <!-- java.lang.AssertionError -->
          <reporter-output>
          </reporter-output>
        </test-method> <!-- LoginTest -->
        <test-method status="PASS" signature="teardown()[pri:0, instance:estimates.CandidateListPageTest@2d778add]" name="teardown" is-config="true" duration-ms="694" started-at="2021-10-11T12:11:43Z" finished-at="2021-10-11T12:11:44Z">
          <reporter-output>
          </reporter-output>
        </test-method> <!-- teardown -->
      </class> <!-- estimates.CandidateListPageTest -->
    </test> <!-- Regression1 -->
    <test name="Regression2" duration-ms="9661" started-at="2021-10-11T11:11:44Z" finished-at="2021-10-11T11:11:54Z">
      <class name="estimates.DashBoardTest">
        <test-method status="PASS" signature="LoginTest()[pri:0, instance:estimates.DashBoardTest@4b213651]" name="LoginTest" duration-ms="8938" started-at="2021-10-11T12:11:44Z" finished-at="2021-10-11T12:11:53Z">
          <reporter-output>
          </reporter-output>
        </test-method> <!-- LoginTest -->
        <test-method status="PASS" signature="teardown()[pri:0, instance:estimates.DashBoardTest@4b213651]" name="teardown" is-config="true" duration-ms="721" started-at="2021-10-11T12:11:53Z" finished-at="2021-10-11T12:11:54Z">
          <reporter-output>
          </reporter-output>
        </test-method> <!-- teardown -->
      </class> <!-- estimates.DashBoardTest -->
    </test> <!-- Regression2 -->
  </suite> <!-- Suite -->
</testng-results>
