<?xml version="1.0" encoding="UTF-8"?>
<!-- Generated by org.testng.reporters.JUnitXMLReporter -->
<testsuite ignored="0" hostname="SQA21049" failures="1" tests="1" name="Regression1" time="3.737" errors="0" timestamp="2021-10-20T16:34:52 BST">
  <testcase classname="estimates.CandidateListPageTest" name="LoginTest" time="3.267">
    <failure type="java.lang.AssertionError" message="expected [Password] but found []">
      <![CDATA[java.lang.AssertionError: expected [Password] but found []
at estimates.CandidateListPageTest.LoginTest(CandidateListPageTest.java:30)
at java.base/java.util.ArrayList.forEach(ArrayList.java:1511)
... Removed 33 stack frames]]>
    </failure>
  </testcase> <!-- LoginTest -->
</testsuite> <!-- Regression1 -->
