<?xml version="1.0" encoding="UTF-8"?>
<!-- Generated by org.testng.reporters.JUnitReportReporter -->
<testsuite hostname="SQA21049" failures="0" tests="1" name="cucumberOptions.TestNGTestRunner" time="11.358" errors="1" timestamp="2021-10-20T16:36:18 BST" skipped="0">
  <testcase classname="cucumberOptions.TestNGTestRunner" name="runScenario" time="11.358">
    <error message="Cannot invoke &quot;org.openqa.selenium.WebDriver.findElement(org.openqa.selenium.By)&quot; because &quot;this.driver&quot; is null" type="java.lang.NullPointerException">
      <![CDATA[java.lang.NullPointerException: Cannot invoke "org.openqa.selenium.WebDriver.findElement(org.openqa.selenium.By)" because "this.driver" is null
at pageObjects.LoginPage.getEmail(LoginPage.java:27)
at steps.StepDefinition.the_user_enters_his_credentials(StepDefinition.java:29)
at âœ½.the user enters his credentials(file:///C:/WorkSpace/bdd/SQAConnect/src/test/java/features/Login.feature:7)
]]>
    </error>
  </testcase> <!-- runScenario -->
  <system-out/>
</testsuite> <!-- cucumberOptions.TestNGTestRunner -->
